%!Adobe-FontList 1.11
%Locale:0x409

%BeginFont
Handler:DirectoryHandler
FontType:Invalid
OutlineFileName:C:\AppServ\www\disperindag\asetmin\fpdf\Font\courier.php
FileModTime:1308377928
%EndFont

%BeginFont
Handler:DirectoryHandler
FontType:Invalid
OutlineFileName:C:\AppServ\www\disperindag\asetmin\fpdf\Font\courierb.php
FileModTime:1308377928
%EndFont

%BeginFont
Handler:DirectoryHandler
FontType:Invalid
OutlineFileName:C:\AppServ\www\disperindag\asetmin\fpdf\Font\courierbi.php
FileModTime:1308377900
%EndFont

%BeginFont
Handler:DirectoryHandler
FontType:Invalid
OutlineFileName:C:\AppServ\www\disperindag\asetmin\fpdf\Font\courieri.php
FileModTime:1308377900
%EndFont

%BeginFont
Handler:DirectoryHandler
FontType:Invalid
OutlineFileName:C:\AppServ\www\disperindag\asetmin\fpdf\Font\helvetica.php
FileModTime:1308377928
%EndFont

%BeginFont
Handler:DirectoryHandler
FontType:Invalid
OutlineFileName:C:\AppServ\www\disperindag\asetmin\fpdf\Font\helveticab.php
FileModTime:1308377928
%EndFont

%BeginFont
Handler:DirectoryHandler
FontType:Invalid
OutlineFileName:C:\AppServ\www\disperindag\asetmin\fpdf\Font\helveticabi.php
FileModTime:1308377900
%EndFont

%BeginFont
Handler:DirectoryHandler
FontType:Invalid
OutlineFileName:C:\AppServ\www\disperindag\asetmin\fpdf\Font\helveticai.php
FileModTime:1308377928
%EndFont

%BeginFont
Handler:DirectoryHandler
FontType:Invalid
OutlineFileName:C:\AppServ\www\disperindag\asetmin\fpdf\Font\impact.php
FileModTime:1368855116
%EndFont

%BeginFont
Handler:DirectoryHandler
FontType:Invalid
OutlineFileName:C:\AppServ\www\disperindag\asetmin\fpdf\Font\impact.z
FileModTime:1368854262
%EndFont

%BeginFont
Handler:DirectoryHandler
FontType:Invalid
OutlineFileName:C:\AppServ\www\disperindag\asetmin\fpdf\Font\symbol.php
FileModTime:1308377900
%EndFont

%BeginFont
Handler:DirectoryHandler
FontType:Invalid
OutlineFileName:C:\AppServ\www\disperindag\asetmin\fpdf\Font\times.php
FileModTime:1308377900
%EndFont

%BeginFont
Handler:DirectoryHandler
FontType:Invalid
OutlineFileName:C:\AppServ\www\disperindag\asetmin\fpdf\Font\timesb.php
FileModTime:1308377928
%EndFont

%BeginFont
Handler:DirectoryHandler
FontType:Invalid
OutlineFileName:C:\AppServ\www\disperindag\asetmin\fpdf\Font\timesbi.php
FileModTime:1308377928
%EndFont

%BeginFont
Handler:DirectoryHandler
FontType:Invalid
OutlineFileName:C:\AppServ\www\disperindag\asetmin\fpdf\Font\timesi.php
FileModTime:1308377928
%EndFont

%BeginFont
Handler:DirectoryHandler
FontType:Invalid
OutlineFileName:C:\AppServ\www\disperindag\asetmin\fpdf\Font\zapfdingbats.php
FileModTime:1308377928
%EndFont

